[debug] [2021-03-26T08:42:19.155Z] ----------------------------------------------------------------------
[debug] [2021-03-26T08:42:19.160Z] Command:       C:\Program Files\nodejs\node.exe C:\Users\P\AppData\Roaming\npm\node_modules\firebase-tools\lib\bin\firebase.js init
[debug] [2021-03-26T08:42:19.161Z] CLI Version:   9.6.1
[debug] [2021-03-26T08:42:19.161Z] Platform:      win32
[debug] [2021-03-26T08:42:19.161Z] Node Version:  v15.4.0
[debug] [2021-03-26T08:42:19.163Z] Time:          Fri Mar 26 2021 16:42:19 GMT+0800 (Hong Kong Standard Time)
[debug] [2021-03-26T08:42:19.164Z] ----------------------------------------------------------------------
[debug] [2021-03-26T08:42:19.164Z] 
[debug] [2021-03-26T08:42:19.169Z] >>> [apiv2][query] GET https://firebase-public.firebaseio.com/cli.json [none]
[debug] [2021-03-26T08:42:19.196Z] > command requires scopes: ["email","openid","https://www.googleapis.com/auth/cloudplatformprojects.readonly","https://www.googleapis.com/auth/firebase","https://www.googleapis.com/auth/cloud-platform"]
[debug] [2021-03-26T08:42:19.197Z] > authorizing via signed-in user
[info] 
     ######## #### ########  ######## ########     ###     ######  ########
     ##        ##  ##     ## ##       ##     ##  ##   ##  ##       ##
     ######    ##  ########  ######   ########  #########  ######  ######
     ##        ##  ##    ##  ##       ##     ## ##     ##       ## ##
     ##       #### ##     ## ######## ########  ##     ##  ######  ########

You're about to initialize a Firebase project in this directory:

  D:\react-project\advchat

Before we get started, keep in mind:

  * You are initializing in an existing Firebase project directory

[debug] [2021-03-26T08:42:19.885Z] <<< [apiv2][status] GET https://firebase-public.firebaseio.com/cli.json 200
[debug] [2021-03-26T08:42:19.886Z] <<< [apiv2][body] GET https://firebase-public.firebaseio.com/cli.json {"cloudBuildErrorAfter":1594252800000,"cloudBuildWarnAfter":1590019200000,"defaultNode10After":1594252800000,"minVersion":"3.0.5","node8DeploysDisabledAfter":1613390400000,"node8RuntimeDisabledAfter":1615809600000,"node8WarnAfter":1600128000000}
